<?xml version="1.0" encoding="UTF-8"?>
<testsuite xmlns:xsi="http://www.w3.org/2001/XMLSchema-instance" xsi:noNamespaceSchemaLocation="https://maven.apache.org/surefire/maven-surefire-plugin/xsd/surefire-test-report-3.0.xsd" version="3.0" name="TestSuite" time="51.427" tests="4" errors="0" skipped="0" failures="2">
  <properties>
[...]
</properties>
  <testcase name="testLoginPageTitle" classname="com.thetestingacademy.tests.careconnect.TestLogin" time="3.755">
    <system-out><![CDATA[



CONFIGURING TESTNG




2026-07-19 19:19:33 [main] INFO  com.thetestingacademy.tests.careconnect.TestLogin - ══════ Setting up WebDriver ══════
2026-07-19 19:19:34 [main] INFO  com.thetestingacademy.tests.careconnect.TestLogin - Browser launched: ChromeDriver
2026-07-19 19:19:34 [main] INFO  com.thetestingacademy.tests.careconnect.TestLogin - ▶ Starting: testLoginPageTitle
2026-07-19 19:19:38 [main] INFO  com.thetestingacademy.tests.careconnect.TestLogin - Page title: CareConnect
2026-07-19 19:19:38 [main] INFO  com.thetestingacademy.tests.careconnect.TestLogin - ✔ Passed: testLoginPageTitle
]]></system-out>
    <system-err><![CDATA[SLF4J(W): No SLF4J providers were found.
SLF4J(W): Defaulting to no-operation (NOP) logger implementation
SLF4J(W): See https://www.slf4j.org/codes.html#noProviders for further details.
تموز ١٩, ٢٠٢٦ ٧:١٩:٣٤ م org.openqa.selenium.devtools.CdpVersionFinder findNearestMatch
WARNING: Unable to find CDP implementation matching ١٥٠
تموز ١٩, ٢٠٢٦ ٧:١٩:٣٤ م org.openqa.selenium.chromium.ChromiumDriver lambda$new$4
WARNING: Unable to find version of CDP to use for 150.0.7871.125. You may need to include a dependency on a specific version of the CDP using something similar to `org.seleniumhq.selenium:selenium-devtools-v86:4.31.0` where the version ("v86") matches the version of the chromium-based browser you're using and the version number of the artifact is the same as Selenium's.
]]></system-err>
  </testcase>
  <testcase name="testLoginButtonIsDisplayed" classname="com.thetestingacademy.tests.careconnect.TestLogin" time="3.872">
    <system-out><![CDATA[2026-07-19 19:19:38 [main] INFO  com.thetestingacademy.tests.careconnect.TestLogin - ══════ Tearing down WebDriver ══════
2026-07-19 19:19:38 [main] INFO  com.thetestingacademy.tests.careconnect.TestLogin - ══════ Setting up WebDriver ══════
2026-07-19 19:19:39 [main] INFO  com.thetestingacademy.tests.careconnect.TestLogin - Browser launched: ChromeDriver
2026-07-19 19:19:39 [main] INFO  com.thetestingacademy.tests.careconnect.TestLogin - ▶ Starting: testLoginButtonIsDisplayed
2026-07-19 19:19:43 [main] INFO  com.thetestingacademy.tests.careconnect.TestLogin - Login button displayed: true
2026-07-19 19:19:43 [main] INFO  com.thetestingacademy.tests.careconnect.TestLogin - ✔ Passed: testLoginButtonIsDisplayed
]]></system-out>
    <system-err><![CDATA[تموز ١٩, ٢٠٢٦ ٧:١٩:٣٩ م org.openqa.selenium.devtools.CdpVersionFinder findNearestMatch
WARNING: Unable to find CDP implementation matching ١٥٠
تموز ١٩, ٢٠٢٦ ٧:١٩:٣٩ م org.openqa.selenium.chromium.ChromiumDriver lambda$new$4
WARNING: Unable to find version of CDP to use for 150.0.7871.125. You may need to include a dependency on a specific version of the CDP using something similar to `org.seleniumhq.selenium:selenium-devtools-v86:4.31.0` where the version ("v86") matches the version of the chromium-based browser you're using and the version number of the artifact is the same as Selenium's.
]]></system-err>
  </testcase>
  <testcase name="testNegativeLogin" classname="com.thetestingacademy.tests.careconnect.TestLogin" time="17.929">
    <failure message="Expected condition failed: waiting for visibility of element located by By.cssSelector: .p-toast-detail, .p-toast-message-text (tried for ١٠ second(s) with ٥٠٠ milliseconds interval)&#10;Build info: version: &apos;4.31.0&apos;, revision: &apos;1ef9f18787*&apos;&#10;System info: os.name: &apos;Windows 11&apos;, os.arch: &apos;amd64&apos;, os.version: &apos;10.0&apos;, java.version: &apos;21.0.8&apos;&#10;Driver info: org.openqa.selenium.chrome.ChromeDriver&#10;Capabilities {acceptInsecureCerts: false, browserName: chrome, browserVersion: 150.0.7871.125, chrome: {chromedriverVersion: 150.0.7871.124 (9261fd0a595..., userDataDir: C:\Users\AHMADG~1\AppData\L...}, fedcm:accounts: true, goog:chromeOptions: {debuggerAddress: localhost:55957}, goog:processID: 15364, networkConnectionEnabled: false, pageLoadStrategy: normal, platformName: windows, proxy: Proxy(), se:cdp: ws://localhost:55957/devtoo..., se:cdpVersion: 150.0.7871.125, setWindowRect: true, strictFileInteractability: false, timeouts: {implicit: 0, pageLoad: 300000, script: 30000}, unhandledPromptBehavior: dismiss and notify, webauthn:extension:credBlob: true, webauthn:extension:largeBlob: true, webauthn:extension:minPinLength: true, webauthn:extension:prf: true, webauthn:virtualAuthenticators: true}&#10;Session ID: 5100c0e44adcd72a4db5e792311f83ec" type="org.openqa.selenium.TimeoutException"><![CDATA[org.openqa.selenium.TimeoutException: 
Expected condition failed: waiting for visibility of element located by By.cssSelector: .p-toast-detail, .p-toast-message-text (tried for ١٠ second(s) with ٥٠٠ milliseconds interval)
Build info: version: '4.31.0', revision: '1ef9f18787*'
System info: os.name: 'Windows 11', os.arch: 'amd64', os.version: '10.0', java.version: '21.0.8'
Driver info: org.openqa.selenium.chrome.ChromeDriver
Capabilities {acceptInsecureCerts: false, browserName: chrome, browserVersion: 150.0.7871.125, chrome: {chromedriverVersion: 150.0.7871.124 (9261fd0a595..., userDataDir: C:\Users\AHMADG~1\AppData\L...}, fedcm:accounts: true, goog:chromeOptions: {debuggerAddress: localhost:55957}, goog:processID: 15364, networkConnectionEnabled: false, pageLoadStrategy: normal, platformName: windows, proxy: Proxy(), se:cdp: ws://localhost:55957/devtoo..., se:cdpVersion: 150.0.7871.125, setWindowRect: true, strictFileInteractability: false, timeouts: {implicit: 0, pageLoad: 300000, script: 30000}, unhandledPromptBehavior: dismiss and notify, webauthn:extension:credBlob: true, webauthn:extension:largeBlob: true, webauthn:extension:minPinLength: true, webauthn:extension:prf: true, webauthn:virtualAuthenticators: true}
Session ID: 5100c0e44adcd72a4db5e792311f83ec
	at org.openqa.selenium.support.ui.WebDriverWait.timeoutException(WebDriverWait.java:84)
	at org.openqa.selenium.support.ui.FluentWait.until(FluentWait.java:228)
	at com.thetestingacademy.utils.WaitHelpers.checkVisibility(WaitHelpers.java:30)
	at com.thetestingacademy.pages.pageObjectModel.normal_POM.imporved_POM.careconnect.LoginPage.loginWithInvalidCredentials(LoginPage.java:63)
	at com.thetestingacademy.tests.careconnect.TestLogin.testNegativeLogin(TestLogin.java:89)
	at java.base/jdk.internal.reflect.DirectMethodHandleAccessor.invoke(DirectMethodHandleAccessor.java:103)
	at java.base/java.lang.reflect.Method.invoke(Method.java:580)
	at org.testng.internal.invokers.MethodInvocationHelper.invokeMethod(MethodInvocationHelper.java:141)
	at org.testng.internal.invokers.TestInvoker.invokeMethod(TestInvoker.java:687)
	at org.testng.internal.invokers.TestInvoker.invokeTestMethod(TestInvoker.java:230)
	at org.testng.internal.invokers.MethodRunner.runInSequence(MethodRunner.java:63)
	at org.testng.internal.invokers.TestInvoker$MethodInvocationAgent.invoke(TestInvoker.java:995)
	at org.testng.internal.invokers.TestInvoker.invokeTestMethods(TestInvoker.java:203)
	at org.testng.internal.invokers.TestMethodWorker.invokeTestMethods(TestMethodWorker.java:154)
	at org.testng.internal.invokers.TestMethodWorker.run(TestMethodWorker.java:134)
	at java.base/java.util.ArrayList.forEach(ArrayList.java:1596)
	at org.testng.TestRunner.privateRun(TestRunner.java:741)
	at org.testng.TestRunner.run(TestRunner.java:616)
	at org.testng.SuiteRunner.runTest(SuiteRunner.java:421)
	at org.testng.SuiteRunner.runSequentially(SuiteRunner.java:413)
	at org.testng.SuiteRunner.privateRun(SuiteRunner.java:373)
	at org.testng.SuiteRunner.run(SuiteRunner.java:312)
	at org.testng.SuiteRunnerWorker.runSuite(SuiteRunnerWorker.java:52)
	at org.testng.SuiteRunnerWorker.run(SuiteRunnerWorker.java:95)
	at org.testng.TestNG.runSuitesSequentially(TestNG.java:1274)
	at org.testng.TestNG.runSuitesLocally(TestNG.java:1208)
	at org.testng.TestNG.runSuites(TestNG.java:1112)
	at org.testng.TestNG.run(TestNG.java:1079)
	at org.apache.maven.surefire.testng.TestNGExecutor.run(TestNGExecutor.java:308)
	at org.apache.maven.surefire.testng.TestNGXmlTestSuite.execute(TestNGXmlTestSuite.java:71)
	at org.apache.maven.surefire.testng.TestNGProvider.invoke(TestNGProvider.java:113)
	at org.apache.maven.surefire.booter.ForkedBooter.runSuitesInProcess(ForkedBooter.java:385)
	at org.apache.maven.surefire.booter.ForkedBooter.execute(ForkedBooter.java:162)
	at org.apache.maven.surefire.booter.ForkedBooter.run(ForkedBooter.java:507)
	at org.apache.maven.surefire.booter.ForkedBooter.main(ForkedBooter.java:495)
]]></failure>
    <system-out><![CDATA[2026-07-19 19:19:43 [main] INFO  com.thetestingacademy.tests.careconnect.TestLogin - ══════ Tearing down WebDriver ══════
2026-07-19 19:19:43 [main] INFO  com.thetestingacademy.tests.careconnect.TestLogin - ══════ Setting up WebDriver ══════
2026-07-19 19:19:44 [main] INFO  com.thetestingacademy.tests.careconnect.TestLogin - Browser launched: ChromeDriver
2026-07-19 19:19:44 [main] INFO  com.thetestingacademy.tests.careconnect.TestLogin - ▶ Starting: testNegativeLogin
2026-07-19 19:19:51 [main] INFO  com.thetestingacademy.tests.careconnect.TestLogin - PAGE TEXT: CareConnect
Healthcare Made Simple
Simplify Your Healthcare Operations
All rights reserved © 2026
AR
Log in
Please enter your details
Username (ID)
Password
Reset password
Log In
]]></system-out>
    <system-err><![CDATA[تموز ١٩, ٢٠٢٦ ٧:١٩:٤٤ م org.openqa.selenium.devtools.CdpVersionFinder findNearestMatch
WARNING: Unable to find CDP implementation matching ١٥٠
تموز ١٩, ٢٠٢٦ ٧:١٩:٤٤ م org.openqa.selenium.chromium.ChromiumDriver lambda$new$4
WARNING: Unable to find version of CDP to use for 150.0.7871.125. You may need to include a dependency on a specific version of the CDP using something similar to `org.seleniumhq.selenium:selenium-devtools-v86:4.31.0` where the version ("v86") matches the version of the chromium-based browser you're using and the version number of the artifact is the same as Selenium's.
]]></system-err>
  </testcase>
  <testcase name="testPatientSearch" classname="com.thetestingacademy.tests.careconnect.TestPatients" time="19.162">
    <failure message="Expected condition failed: waiting for visibility of element located by By.cssSelector: h1.patients-title (tried for ١٥ second(s) with ٥٠٠ milliseconds interval)&#10;Build info: version: &apos;4.31.0&apos;, revision: &apos;1ef9f18787*&apos;&#10;System info: os.name: &apos;Windows 11&apos;, os.arch: &apos;amd64&apos;, os.version: &apos;10.0&apos;, java.version: &apos;21.0.8&apos;&#10;Driver info: org.openqa.selenium.chrome.ChromeDriver&#10;Capabilities {acceptInsecureCerts: false, browserName: chrome, browserVersion: 150.0.7871.125, chrome: {chromedriverVersion: 150.0.7871.124 (9261fd0a595..., userDataDir: C:\Users\AHMADG~1\AppData\L...}, fedcm:accounts: true, goog:chromeOptions: {debuggerAddress: localhost:53163}, goog:processID: 8936, networkConnectionEnabled: false, pageLoadStrategy: normal, platformName: windows, proxy: Proxy(), se:cdp: ws://localhost:53163/devtoo..., se:cdpVersion: 150.0.7871.125, setWindowRect: true, strictFileInteractability: false, timeouts: {implicit: 0, pageLoad: 300000, script: 30000}, unhandledPromptBehavior: dismiss and notify, webauthn:extension:credBlob: true, webauthn:extension:largeBlob: true, webauthn:extension:minPinLength: true, webauthn:extension:prf: true, webauthn:virtualAuthenticators: true}&#10;Session ID: 6771c1243bf9f685b96fc39aab21a6b2" type="org.openqa.selenium.TimeoutException"><![CDATA[org.openqa.selenium.TimeoutException: 
Expected condition failed: waiting for visibility of element located by By.cssSelector: h1.patients-title (tried for ١٥ second(s) with ٥٠٠ milliseconds interval)
Build info: version: '4.31.0', revision: '1ef9f18787*'
System info: os.name: 'Windows 11', os.arch: 'amd64', os.version: '10.0', java.version: '21.0.8'
Driver info: org.openqa.selenium.chrome.ChromeDriver
Capabilities {acceptInsecureCerts: false, browserName: chrome, browserVersion: 150.0.7871.125, chrome: {chromedriverVersion: 150.0.7871.124 (9261fd0a595..., userDataDir: C:\Users\AHMADG~1\AppData\L...}, fedcm:accounts: true, goog:chromeOptions: {debuggerAddress: localhost:53163}, goog:processID: 8936, networkConnectionEnabled: false, pageLoadStrategy: normal, platformName: windows, proxy: Proxy(), se:cdp: ws://localhost:53163/devtoo..., se:cdpVersion: 150.0.7871.125, setWindowRect: true, strictFileInteractability: false, timeouts: {implicit: 0, pageLoad: 300000, script: 30000}, unhandledPromptBehavior: dismiss and notify, webauthn:extension:credBlob: true, webauthn:extension:largeBlob: true, webauthn:extension:minPinLength: true, webauthn:extension:prf: true, webauthn:virtualAuthenticators: true}
Session ID: 6771c1243bf9f685b96fc39aab21a6b2
	at org.openqa.selenium.support.ui.WebDriverWait.timeoutException(WebDriverWait.java:84)
	at org.openqa.selenium.support.ui.FluentWait.until(FluentWait.java:228)
	at com.thetestingacademy.utils.WaitHelpers.checkVisibility(WaitHelpers.java:30)
	at com.thetestingacademy.pages.pageObjectModel.normal_POM.imporved_POM.careconnect.PatientsPage.isPatientsPageLoaded(PatientsPage.java:28)
	at com.thetestingacademy.tests.careconnect.TestPatients.testPatientSearch(TestPatients.java:38)
	at java.base/jdk.internal.reflect.DirectMethodHandleAccessor.invoke(DirectMethodHandleAccessor.java:103)
	at java.base/java.lang.reflect.Method.invoke(Method.java:580)
	at org.testng.internal.invokers.MethodInvocationHelper.invokeMethod(MethodInvocationHelper.java:141)
	at org.testng.internal.invokers.TestInvoker.invokeMethod(TestInvoker.java:687)
	at org.testng.internal.invokers.TestInvoker.invokeTestMethod(TestInvoker.java:230)
	at org.testng.internal.invokers.MethodRunner.runInSequence(MethodRunner.java:63)
	at org.testng.internal.invokers.TestInvoker$MethodInvocationAgent.invoke(TestInvoker.java:995)
	at org.testng.internal.invokers.TestInvoker.invokeTestMethods(TestInvoker.java:203)
	at org.testng.internal.invokers.TestMethodWorker.invokeTestMethods(TestMethodWorker.java:154)
	at org.testng.internal.invokers.TestMethodWorker.run(TestMethodWorker.java:134)
	at java.base/java.util.ArrayList.forEach(ArrayList.java:1596)
	at org.testng.TestRunner.privateRun(TestRunner.java:741)
	at org.testng.TestRunner.run(TestRunner.java:616)
	at org.testng.SuiteRunner.runTest(SuiteRunner.java:421)
	at org.testng.SuiteRunner.runSequentially(SuiteRunner.java:413)
	at org.testng.SuiteRunner.privateRun(SuiteRunner.java:373)
	at org.testng.SuiteRunner.run(SuiteRunner.java:312)
	at org.testng.SuiteRunnerWorker.runSuite(SuiteRunnerWorker.java:52)
	at org.testng.SuiteRunnerWorker.run(SuiteRunnerWorker.java:95)
	at org.testng.TestNG.runSuitesSequentially(TestNG.java:1274)
	at org.testng.TestNG.runSuitesLocally(TestNG.java:1208)
	at org.testng.TestNG.runSuites(TestNG.java:1112)
	at org.testng.TestNG.run(TestNG.java:1079)
	at org.apache.maven.surefire.testng.TestNGExecutor.run(TestNGExecutor.java:308)
	at org.apache.maven.surefire.testng.TestNGXmlTestSuite.execute(TestNGXmlTestSuite.java:71)
	at org.apache.maven.surefire.testng.TestNGProvider.invoke(TestNGProvider.java:113)
	at org.apache.maven.surefire.booter.ForkedBooter.runSuitesInProcess(ForkedBooter.java:385)
	at org.apache.maven.surefire.booter.ForkedBooter.execute(ForkedBooter.java:162)
	at org.apache.maven.surefire.booter.ForkedBooter.run(ForkedBooter.java:507)
	at org.apache.maven.surefire.booter.ForkedBooter.main(ForkedBooter.java:495)
]]></failure>
    <system-out><![CDATA[2026-07-19 19:20:02 [main] ERROR com.thetestingacademy.tests.careconnect.TestLogin - Test failed: testNegativeLogin - Capturing screenshot...
2026-07-19 19:20:02 [main] INFO  com.thetestingacademy.tests.careconnect.TestLogin - ══════ Tearing down WebDriver ══════
2026-07-19 19:20:02 [main] INFO  com.thetestingacademy.tests.careconnect.TestPatients - ══════ Setting up WebDriver ══════
2026-07-19 19:20:03 [main] INFO  com.thetestingacademy.tests.careconnect.TestPatients - Browser launched: ChromeDriver
2026-07-19 19:20:03 [main] INFO  com.thetestingacademy.tests.careconnect.TestPatients - ▶ Starting: testPatientSearch
]]></system-out>
    <system-err><![CDATA[تموز ١٩, ٢٠٢٦ ٧:٢٠:٠٣ م org.openqa.selenium.devtools.CdpVersionFinder findNearestMatch
WARNING: Unable to find CDP implementation matching ١٥٠
تموز ١٩, ٢٠٢٦ ٧:٢٠:٠٣ م org.openqa.selenium.chromium.ChromiumDriver lambda$new$4
WARNING: Unable to find version of CDP to use for 150.0.7871.125. You may need to include a dependency on a specific version of the CDP using something similar to `org.seleniumhq.selenium:selenium-devtools-v86:4.31.0` where the version ("v86") matches the version of the chromium-based browser you're using and the version number of the artifact is the same as Selenium's.
]]></system-err>
  </testcase>
</testsuite>